Report : constraint
-all violators
-min_period
Design : enyo_core
Version: V-2023.12-SP3
Date

: Mon Sep 23 15:22:47 2024

Pin

sequential_clock_min_period

Required
min period

u_vcpu/u_cpu/u_l2/u_b0/u_data/u_data_ram_dw0/g_n_pop_ram_u_sram/u_common0p9g_spmem_2048x72b_wrapper_0/u_mem/CLK (core_main_clk rise)
0.038 (VIOLATED) core_main_clk
u_vcpu/u_cpu/u_l2/u_b0/u_data/u_data_ram_dw0/g_n_pop_ram_u_sram/u_common0p9g_spmem_2048x72b_wrapper_0/u_mem/CLK (core_main_clk fall)
0.038 (VIOLATED) core main_clk
u_vcpu/u_cpu/u_l2/u_b0/u_data/u_data_ram_dwl/g_n_pop_ram_u_sram/u_common0p9g_spmem_2048x72b_wrapper_0/u_mem/CLK (core_main_clk rise)
0.038 (VIOLATED) core_main_clk
u_vcpu/u_cpu/u_l2/u_b0/u_data/u_data_ram_dwl/g_n_pop_ram_u_sram/u_common0p9g_spmem_2048x72b_wrapper_0/u_mem/CLK (core_main_clk fall)
0.038 (VIOLATED) core_main_clk
u_vcpu/u_cpu/u_l2/u_b0/u_data/u_data_ram_dw2/g_n_pop_ram_u_sram/u_common0p9g_spmem_2048x72b_wrapper_0/u_mem/CLK (core_main_clk rise)
0.038 (VIOLATED) core_main_clk
u_vcpu/u_cpu/u_l2/u_b0/u_data/u_data_ram_dw2/g_n_pop_ram_u_sram/u_common0p9g_spmem_2048x72b_wrapper_0/u_mem/CLK (core_main_clk fall)
0.038 (VIOLATED) core_main_clk

Actual
min period

Slack

Clock

0.538

0.538

0.538

0.538

0.538

0.538

0.500

0.500

0.500

0.500

0.500

0.500
